{"/Users/fran/Dev/CEUTEC/DMI/PruebasReactNative/App.js": {"path":"/Users/fran/Dev/CEUTEC/DMI/PruebasReactNative/App.js","statementMap":{"0":{"start":{"line":5,"column":2},"end":{"line":10,"column":4}},"1":{"start":{"line":13,"column":15},"end":{"line":20,"column":2}}},"fnMap":{"0":{"name":"App","decl":{"start":{"line":4,"column":24},"end":{"line":4,"column":27}},"loc":{"start":{"line":4,"column":30},"end":{"line":11,"column":1}},"line":4}},"branchMap":{},"s":{"0":1,"1":1},"f":{"0":1},"b":{},"_coverageSchema":"1a1c01bbd47fc00a2c39e90264f33305004495a9","hash":"622910887f9409f0c0837f8d9425a72acc2fd885"}
,"/Users/fran/Dev/CEUTEC/DMI/PruebasReactNative/funcionalidades/calculadora.js": {"path":"/Users/fran/Dev/CEUTEC/DMI/PruebasReactNative/funcionalidades/calculadora.js","statementMap":{"0":{"start":{"line":3,"column":4},"end":{"line":3,"column":17}}},"fnMap":{"0":{"name":"Sumar","decl":{"start":{"line":1,"column":16},"end":{"line":1,"column":21}},"loc":{"start":{"line":1,"column":27},"end":{"line":4,"column":1}},"line":1}},"branchMap":{},"s":{"0":6},"f":{"0":6},"b":{},"_coverageSchema":"1a1c01bbd47fc00a2c39e90264f33305004495a9","hash":"28e699fedabde14170fb213e97c3cceeb83081b8"}
,"/Users/fran/Dev/CEUTEC/DMI/PruebasReactNative/funcionalidades/login.js": {"path":"/Users/fran/Dev/CEUTEC/DMI/PruebasReactNative/funcionalidades/login.js","statementMap":{"0":{"start":{"line":1,"column":16},"end":{"line":1,"column":25}},"1":{"start":{"line":2,"column":17},"end":{"line":2,"column":37}},"2":{"start":{"line":4,"column":4},"end":{"line":4,"column":57}}},"fnMap":{"0":{"name":"Login","decl":{"start":{"line":3,"column":16},"end":{"line":3,"column":21}},"loc":{"start":{"line":3,"column":40},"end":{"line":5,"column":1}},"line":3}},"branchMap":{"0":{"loc":{"start":{"line":4,"column":12},"end":{"line":4,"column":56}},"type":"binary-expr","locations":[{"start":{"line":4,"column":12},"end":{"line":4,"column":31}},{"start":{"line":4,"column":35},"end":{"line":4,"column":56}}],"line":4}},"s":{"0":1,"1":1,"2":4},"f":{"0":4},"b":{"0":[4,2]},"_coverageSchema":"1a1c01bbd47fc00a2c39e90264f33305004495a9","hash":"4dec1e6834b2ef4933409b1eba17cdf81f1b66f3"}
}
